<?xml version="1.0" encoding="UTF-8"?>
<testng-results ignored="0" total="1" passed="1" failed="0" skipped="0">
  <reporter-output>
  </reporter-output>
  <suite started-at="2026-07-22T20:29:11 IST" name="Default suite" finished-at="2026-07-22T20:29:35 IST" duration-ms="23700">
    <groups>
      <group name="cucumber">
        <method signature="AbstractTestNGCucumberTests.runScenario(io.cucumber.testng.PickleWrapper,io.cucumber.testng.FeatureWrapper)[pri:0, instance:cucumberOptions.TestRunner@305b7c14]" name="runScenario" class="io.cucumber.testng.AbstractTestNGCucumberTests"/>
      </group> <!-- cucumber -->
    </groups>
    <test started-at="2026-07-22T20:29:11 IST" name="Default test" finished-at="2026-07-22T20:29:35 IST" duration-ms="23700">
      <class name="cucumberOptions.TestRunner">
        <test-method is-config="true" signature="setUpClass(org.testng.ITestContext)[pri:0, instance:cucumberOptions.TestRunner@305b7c14]" started-at="2026-07-22T20:29:11 IST" name="setUpClass" finished-at="2026-07-22T20:29:13 IST" duration-ms="1802" status="PASS">
          <params>
            <param index="0">
              <value>
                <![CDATA[org.testng.TestRunner@507d64aa]]>
              </value>
            </param>
          </params>
          <reporter-output>
          </reporter-output>
        </test-method> <!-- setUpClass -->
        <test-method signature="runScenario(io.cucumber.testng.PickleWrapper,io.cucumber.testng.FeatureWrapper)[pri:0, instance:cucumberOptions.TestRunner@305b7c14]" started-at="2026-07-22T20:29:13 IST" name="runScenario" description="Runs Cucumber Scenarios" data-provider="scenarios" finished-at="2026-07-22T20:29:35 IST" duration-ms="21735" status="PASS">
          <params>
            <param index="0">
              <value>
                <![CDATA["Search for a Barcelona product and validate its details"]]>
              </value>
            </param>
            <param index="1">
              <value>
                <![CDATA["Product Search and Validation"]]>
              </value>
            </param>
          </params>
          <reporter-output>
          </reporter-output>
        </test-method> <!-- runScenario -->
        <test-method is-config="true" signature="tearDownClass()[pri:0, instance:cucumberOptions.TestRunner@305b7c14]" started-at="2026-07-22T20:29:35 IST" name="tearDownClass" finished-at="2026-07-22T20:29:35 IST" duration-ms="69" status="PASS">
          <reporter-output>
          </reporter-output>
        </test-method> <!-- tearDownClass -->
      </class> <!-- cucumberOptions.TestRunner -->
    </test> <!-- Default test -->
  </suite> <!-- Default suite -->
</testng-results>
